2021-07-21 19:26:55,939 INFO 36084 [egg-sequelize](1ms) Executed (default): SELECT 1+1 AS result
2021-07-21 19:26:55,965 INFO 36084 [egg-sequelize](3ms) Executed (default): SELECT `systemName`, `systemCName`, `configName`, `keyWord`, `configValue`, `configDefaultValue`, `configDESC`, `status`, `note` FROM `config` AS `config` WHERE `config`.`systemName` = 'Apshop';
2021-07-21 19:26:55,971 INFO 36084 [egg-sequelize](2ms) Executed (default): SELECT `shopID`, `sender`, `shopName`, `shopTitle`, `shopDescribe`, `shopKeyWord`, `location`, `completeAddress`, `serviceQQ`, `serviceEmail`, `serviceCall`, `shopLogo`, `wxImg`, `status` FROM `shop` AS `shop` WHERE `shop`.`shopID` = 1;
2021-07-21 19:27:13,439 INFO 36084 [egg-sequelize](3ms) Executed (default): SELECT count(*) AS `count` FROM `shop_cart` AS `shop_cart` WHERE `shop_cart`.`uid` = NULL;
2021-07-21 19:27:13,446 INFO 36084 [egg-sequelize](1ms) Executed (default): SELECT `id`, `uid`, `goodsID`, `goodsType`, `name`, `num`, `price`, `imgurl` FROM `shop_cart` AS `shop_cart` WHERE `shop_cart`.`uid` = NULL;
2021-07-21 19:27:13,452 INFO 36084 [egg-sequelize](3ms) Executed (default): SELECT `goodsID`, `storeID`, `name`, `title`, `subTitle`, `goodsClassID`, `goodsType`, `imgurl`, `price`, `priceMarket`, `stock`, `note`, `prop`, `spec`, `param`, `hasSpec`, `unit`, `upAt`, `downAt`, `numView`, `numComment`, `numSale`, `numSaleWeek`, `sortNo`, `opBy`, `opAt`, `recommendFlag`, `goodsStatus` FROM `shop_goods` AS `shop_goods` WHERE `shop_goods`.`recommendFlag` = '1' AND `shop_goods`.`goodsStatus` = 'U' ORDER BY `shop_goods`.`sortNo` ASC LIMIT 3;
2021-07-21 19:27:13,456 INFO 36084 [egg-sequelize](1ms) Executed (default): SELECT `blogClassID`, `blogType`, `parentId`, `name`, `isLeaf`, `sortNo`, `status` FROM `blog_class` AS `blog_class` WHERE `blog_class`.`parentID` = 0 AND `blog_class`.`status` = '0';
2021-07-21 19:27:13,469 INFO 36084 [egg-sequelize](1ms) Executed (default): SELECT `blogID`, `blogClassID`, `title`, `subTitle`, `about`, `coverImg`, `content`, `status`, `createTime` FROM `blog` AS `blog` WHERE `blog`.`status` = '0' ORDER BY `blog`.`createTime` DESC LIMIT 6;
2021-07-21 19:27:16,505 INFO 36084 [egg-sequelize](1ms) Executed (default): SELECT count(*) AS `count` FROM `shop_cart` AS `shop_cart` WHERE `shop_cart`.`uid` = NULL;
2021-07-21 19:27:16,505 INFO 36084 [egg-sequelize](1ms) Executed (default): SELECT `id`, `uid`, `goodsID`, `goodsType`, `name`, `num`, `price`, `imgurl` FROM `shop_cart` AS `shop_cart` WHERE `shop_cart`.`uid` = NULL;
2021-07-21 19:27:16,508 INFO 36084 [egg-sequelize](1ms) Executed (default): SELECT `goodsID`, `storeID`, `name`, `title`, `subTitle`, `goodsClassID`, `goodsType`, `imgurl`, `price`, `priceMarket`, `stock`, `note`, `prop`, `spec`, `param`, `hasSpec`, `unit`, `upAt`, `downAt`, `numView`, `numComment`, `numSale`, `numSaleWeek`, `sortNo`, `opBy`, `opAt`, `recommendFlag`, `goodsStatus` FROM `shop_goods` AS `shop_goods` WHERE `shop_goods`.`recommendFlag` = '1' AND `shop_goods`.`goodsStatus` = 'U' ORDER BY `shop_goods`.`sortNo` ASC LIMIT 3;
2021-07-21 19:27:16,518 INFO 36084 [egg-sequelize](1ms) Executed (default): SELECT `goodsID`, `storeID`, `name`, `title`, `subTitle`, `goodsClassID`, `goodsType`, `imgurl`, `price`, `priceMarket`, `stock`, `note`, `prop`, `spec`, `param`, `hasSpec`, `unit`, `upAt`, `downAt`, `numView`, `numComment`, `numSale`, `numSaleWeek`, `sortNo`, `opBy`, `opAt`, `recommendFlag`, `goodsStatus` FROM `shop_goods` AS `shop_goods` WHERE `shop_goods`.`recommendFlag` = '0' AND `shop_goods`.`goodsStatus` = 'U' ORDER BY `shop_goods`.`sortNo` ASC LIMIT 9;
2021-07-21 19:27:16,521 INFO 36084 [egg-sequelize](1ms) Executed (default): SELECT `goodsClassID`, `parentId`, `name`, `isLeaf`, `sortNo`, `status`, `delFlag` FROM `shop_goodsClass` AS `shop_goodsClass` WHERE `shop_goodsClass`.`status` = '0' AND `shop_goodsClass`.`parentID` = 0;
2021-07-21 19:27:19,625 INFO 36084 [egg-sequelize](1ms) Executed (default): SELECT count(*) AS `count` FROM `shop_cart` AS `shop_cart` WHERE `shop_cart`.`uid` = NULL;
2021-07-21 19:27:19,626 INFO 36084 [egg-sequelize](1ms) Executed (default): SELECT `id`, `uid`, `goodsID`, `goodsType`, `name`, `num`, `price`, `imgurl` FROM `shop_cart` AS `shop_cart` WHERE `shop_cart`.`uid` = NULL;
2021-07-21 19:27:19,628 INFO 36084 [egg-sequelize](0ms) Executed (default): SELECT `goodsID`, `storeID`, `name`, `title`, `subTitle`, `goodsClassID`, `goodsType`, `imgurl`, `price`, `priceMarket`, `stock`, `note`, `prop`, `spec`, `param`, `hasSpec`, `unit`, `upAt`, `downAt`, `numView`, `numComment`, `numSale`, `numSaleWeek`, `sortNo`, `opBy`, `opAt`, `recommendFlag`, `goodsStatus` FROM `shop_goods` AS `shop_goods` WHERE `shop_goods`.`recommendFlag` = '1' AND `shop_goods`.`goodsStatus` = 'U' ORDER BY `shop_goods`.`sortNo` ASC;
2021-07-21 19:27:19,639 INFO 36084 [egg-sequelize](1ms) Executed (default): SELECT `subjectID`, `title`, `subTitle`, `about`, `coverImg`, `content`, `recommendFlag`, `status`, `createTime` FROM `subject` AS `subject` WHERE `subject`.`status` = '0' ORDER BY `subject`.`createTime` DESC LIMIT 3;
2021-07-21 19:27:19,641 INFO 36084 [egg-sequelize](0ms) Executed (default): SELECT `blogID`, `blogClassID`, `title`, `subTitle`, `about`, `coverImg`, `content`, `status`, `createTime` FROM `blog` AS `blog` WHERE `blog`.`status` = '0' ORDER BY `blog`.`createTime` DESC LIMIT 3;
2021-07-21 19:27:21,960 INFO 36084 [egg-sequelize](1ms) Executed (default): SELECT count(*) AS `count` FROM `shop_cart` AS `shop_cart` WHERE `shop_cart`.`uid` = NULL;
2021-07-21 19:27:21,961 INFO 36084 [egg-sequelize](1ms) Executed (default): SELECT `id`, `uid`, `goodsID`, `goodsType`, `name`, `num`, `price`, `imgurl` FROM `shop_cart` AS `shop_cart` WHERE `shop_cart`.`uid` = NULL;
2021-07-21 19:27:21,964 INFO 36084 [egg-sequelize](1ms) Executed (default): SELECT `goodsID`, `storeID`, `name`, `title`, `subTitle`, `goodsClassID`, `goodsType`, `imgurl`, `price`, `priceMarket`, `stock`, `note`, `prop`, `spec`, `param`, `hasSpec`, `unit`, `upAt`, `downAt`, `numView`, `numComment`, `numSale`, `numSaleWeek`, `sortNo`, `opBy`, `opAt`, `recommendFlag`, `goodsStatus` FROM `shop_goods` AS `shop_goods` WHERE `shop_goods`.`recommendFlag` = '1' AND `shop_goods`.`goodsStatus` = 'U' ORDER BY `shop_goods`.`sortNo` ASC LIMIT 3;
2021-07-21 19:27:21,976 INFO 36084 [egg-sequelize](1ms) Executed (default): SELECT `goodsID`, `storeID`, `name`, `title`, `subTitle`, `goodsClassID`, `goodsType`, `imgurl`, `price`, `priceMarket`, `stock`, `note`, `prop`, `spec`, `param`, `hasSpec`, `unit`, `upAt`, `downAt`, `numView`, `numComment`, `numSale`, `numSaleWeek`, `sortNo`, `opBy`, `opAt`, `recommendFlag`, `goodsStatus` FROM `shop_goods` AS `shop_goods` WHERE `shop_goods`.`recommendFlag` = '0' AND `shop_goods`.`goodsStatus` = 'U' ORDER BY `shop_goods`.`sortNo` ASC LIMIT 9;
2021-07-21 19:27:21,979 INFO 36084 [egg-sequelize](1ms) Executed (default): SELECT `goodsClassID`, `parentId`, `name`, `isLeaf`, `sortNo`, `status`, `delFlag` FROM `shop_goodsClass` AS `shop_goodsClass` WHERE `shop_goodsClass`.`status` = '0' AND `shop_goodsClass`.`parentID` = 0;
2021-07-21 19:33:29,513 INFO 23760 [egg-sequelize](1ms) Executed (default): SELECT 1+1 AS result
2021-07-21 19:33:29,543 INFO 23760 [egg-sequelize](2ms) Executed (default): SELECT `systemName`, `systemCName`, `configName`, `keyWord`, `configValue`, `configDefaultValue`, `configDESC`, `status`, `note` FROM `config` AS `config` WHERE `config`.`systemName` = 'Apshop';
2021-07-21 19:33:29,551 INFO 23760 [egg-sequelize](2ms) Executed (default): SELECT `shopID`, `sender`, `shopName`, `shopTitle`, `shopDescribe`, `shopKeyWord`, `location`, `completeAddress`, `serviceQQ`, `serviceEmail`, `serviceCall`, `shopLogo`, `wxImg`, `status` FROM `shop` AS `shop` WHERE `shop`.`shopID` = 1;
2021-07-21 19:33:33,692 INFO 23760 [egg-sequelize](1ms) Executed (default): SELECT `uid`, `username`, `nickname`, `avatar`, `status`, `note` FROM `user` AS `user` WHERE `user`.`uid` = NULL LIMIT 1;
2021-07-21 19:33:35,094 INFO 23760 [egg-sequelize](2ms) Executed (default): SELECT `uid`, `username`, `nickname`, `avatar`, `userType`, `IDType`, `IDNO`, `cell`, `secQuestion1`, `secQuestion2`, `secQuestion3`, `secAnswer1`, `secAnswer2`, `secAnswer3`, `secPassword`, `status`, `validStatus`, `note`, `createTime`, `modifyTime`, `closeDate`, `loginNum`, `lastLoginTime` FROM `user` AS `user` WHERE `user`.`username` = 'admin';
2021-07-21 19:33:35,098 INFO 23760 [egg-sequelize](1ms) Executed (default): SELECT `loginString`, `uid`, `password`, `salt`, `status` FROM `userLogin` AS `userLogin` WHERE `userLogin`.`loginString` = 'admin';
2021-07-21 19:33:35,196 INFO 23760 [egg-sequelize](5ms) Executed (default): INSERT INTO `userLogin_L` (`logID`,`uid`,`loginString`,`loginLogType`,`createTime`) VALUES (DEFAULT,10000000,'admin','L',CURRENT_TIMESTAMP);
2021-07-21 19:33:35,204 INFO 23760 [egg-sequelize](0ms) Executed (default): UPDATE `user` SET `loginNum`=60,`lastLoginTime`='2021-07-21 19:33:35' WHERE `uid` = 10000000
2021-07-21 19:33:35,222 INFO 23760 [egg-sequelize](1ms) Executed (default): SELECT `uid`, `username`, `nickname`, `avatar`, `status`, `note` FROM `user` AS `user` WHERE `user`.`uid` = 10000000;
2021-07-21 19:33:35,452 INFO 23760 [egg-sequelize](7ms) Executed (default): SELECT `reportDate`, `data` FROM `report_day` AS `report_day` WHERE `report_day`.`reportType` = 'register' AND `report_day`.`reportDate` BETWEEN '2021-06-21' AND '2021-07-21' ORDER BY `report_day`.`reportDate` ASC;
2021-07-21 19:33:35,455 INFO 23760 [egg-sequelize](2ms) Executed (default): SELECT count(*) AS `count` FROM `server_list` AS `server_list` WHERE `server_list`.`typeId` LIKE '%undefined%' AND `server_list`.`serverName` LIKE '%undefined%' AND `server_list`.`serverSite` LIKE '%undefined%';
2021-07-21 19:33:35,469 INFO 23760 [egg-sequelize](2ms) Executed (default): SELECT `id`, `serverType`, `serverName`, `ipconfig`, `userName`, `port`, `password`, `dbPort`, `snNumber`, `serverSite`, `progress`, `logSite`, `errorSite`, `logName`, `errorName`, `typeId` FROM `server_list` AS `server_list` WHERE `server_list`.`typeId` LIKE '%undefined%' AND `server_list`.`serverName` LIKE '%undefined%' AND `server_list`.`serverSite` LIKE '%undefined%' LIMIT 0, 10;
2021-07-21 19:33:43,417 INFO 23760 [egg-sequelize](1ms) Executed (default): SELECT `uid`, `username`, `nickname`, `avatar`, `userType`, `IDType`, `IDNO`, `cell`, `secQuestion1`, `secQuestion2`, `secQuestion3`, `secAnswer1`, `secAnswer2`, `secAnswer3`, `secPassword`, `status`, `validStatus`, `note`, `createTime`, `modifyTime`, `closeDate`, `loginNum`, `lastLoginTime` FROM `user` AS `user` WHERE `user`.`uid` = 10000000;
2021-07-21 19:33:43,436 INFO 23760 [egg-sequelize](7ms) Executed (default): INSERT INTO `userLogin_L` (`logID`,`uid`,`loginString`,`loginLogType`,`createTime`) VALUES (DEFAULT,10000000,'admin','Q',CURRENT_TIMESTAMP);
2021-07-21 19:33:50,069 INFO 23760 [egg-sequelize](1ms) Executed (default): SELECT `uid`, `username`, `nickname`, `avatar`, `userType`, `IDType`, `IDNO`, `cell`, `secQuestion1`, `secQuestion2`, `secQuestion3`, `secAnswer1`, `secAnswer2`, `secAnswer3`, `secPassword`, `status`, `validStatus`, `note`, `createTime`, `modifyTime`, `closeDate`, `loginNum`, `lastLoginTime` FROM `user` AS `user` WHERE `user`.`username` = 'admin';
2021-07-21 19:33:50,074 INFO 23760 [egg-sequelize](1ms) Executed (default): SELECT `loginString`, `uid`, `password`, `salt`, `status` FROM `userLogin` AS `userLogin` WHERE `userLogin`.`loginString` = 'admin';
2021-07-21 19:33:50,152 INFO 23760 [egg-sequelize](0ms) Executed (default): INSERT INTO `userLogin_L` (`logID`,`uid`,`loginString`,`loginLogType`,`createTime`) VALUES (DEFAULT,10000000,'admin','L',CURRENT_TIMESTAMP);
2021-07-21 19:33:50,157 INFO 23760 [egg-sequelize](1ms) Executed (default): UPDATE `user` SET `loginNum`=61,`lastLoginTime`='2021-07-21 19:33:50' WHERE `uid` = 10000000
2021-07-21 19:33:50,169 INFO 23760 [egg-sequelize](0ms) Executed (default): SELECT `uid`, `username`, `nickname`, `avatar`, `status`, `note` FROM `user` AS `user` WHERE `user`.`uid` = 10000000;
2021-07-21 19:33:50,414 INFO 23760 [egg-sequelize](7ms) Executed (default): SELECT `reportDate`, `data` FROM `report_day` AS `report_day` WHERE `report_day`.`reportType` = 'register' AND `report_day`.`reportDate` BETWEEN '2021-06-21' AND '2021-07-21' ORDER BY `report_day`.`reportDate` ASC;
2021-07-21 19:33:50,417 INFO 23760 [egg-sequelize](5ms) Executed (default): SELECT count(*) AS `count` FROM `server_list` AS `server_list` WHERE `server_list`.`typeId` LIKE '%undefined%' AND `server_list`.`serverName` LIKE '%undefined%' AND `server_list`.`serverSite` LIKE '%undefined%';
2021-07-21 19:33:50,436 INFO 23760 [egg-sequelize](20ms) Executed (default): SELECT `id`, `serverType`, `serverName`, `ipconfig`, `userName`, `port`, `password`, `dbPort`, `snNumber`, `serverSite`, `progress`, `logSite`, `errorSite`, `logName`, `errorName`, `typeId` FROM `server_list` AS `server_list` WHERE `server_list`.`typeId` LIKE '%undefined%' AND `server_list`.`serverName` LIKE '%undefined%' AND `server_list`.`serverSite` LIKE '%undefined%' LIMIT 0, 10;
2021-07-21 19:34:25,688 INFO 23760 [egg-sequelize](1ms) Executed (default): SELECT count(*) AS `count` FROM `shop_cart` AS `shop_cart` WHERE `shop_cart`.`uid` = 10000000;
2021-07-21 19:34:25,690 INFO 23760 [egg-sequelize](2ms) Executed (default): SELECT `id`, `uid`, `goodsID`, `goodsType`, `name`, `num`, `price`, `imgurl` FROM `shop_cart` AS `shop_cart` WHERE `shop_cart`.`uid` = 10000000;
2021-07-21 19:34:25,694 INFO 23760 [egg-sequelize](1ms) Executed (default): SELECT `goodsID`, `storeID`, `name`, `title`, `subTitle`, `goodsClassID`, `goodsType`, `imgurl`, `price`, `priceMarket`, `stock`, `note`, `prop`, `spec`, `param`, `hasSpec`, `unit`, `upAt`, `downAt`, `numView`, `numComment`, `numSale`, `numSaleWeek`, `sortNo`, `opBy`, `opAt`, `recommendFlag`, `goodsStatus` FROM `shop_goods` AS `shop_goods` WHERE `shop_goods`.`recommendFlag` = '1' AND `shop_goods`.`goodsStatus` = 'U' ORDER BY `shop_goods`.`sortNo` ASC;
2021-07-21 19:34:25,699 INFO 23760 [egg-sequelize](1ms) Executed (default): SELECT `subjectID`, `title`, `subTitle`, `about`, `coverImg`, `content`, `recommendFlag`, `status`, `createTime` FROM `subject` AS `subject` WHERE `subject`.`status` = '0' ORDER BY `subject`.`createTime` DESC LIMIT 3;
2021-07-21 19:34:25,713 INFO 23760 [egg-sequelize](1ms) Executed (default): SELECT `blogID`, `blogClassID`, `title`, `subTitle`, `about`, `coverImg`, `content`, `status`, `createTime` FROM `blog` AS `blog` WHERE `blog`.`status` = '0' ORDER BY `blog`.`createTime` DESC LIMIT 3;
2021-07-21 19:34:29,806 INFO 23760 [egg-sequelize](0ms) Executed (default): INSERT INTO `userLogin_L` (`logID`,`uid`,`loginString`,`loginLogType`,`createTime`) VALUES (DEFAULT,10000000,'admin','Q',CURRENT_TIMESTAMP);
2021-07-21 19:34:29,817 INFO 23760 [egg-sequelize](1ms) Executed (default): SELECT count(*) AS `count` FROM `shop_cart` AS `shop_cart` WHERE `shop_cart`.`uid` = NULL;
2021-07-21 19:34:29,825 INFO 23760 [egg-sequelize](8ms) Executed (default): SELECT `id`, `uid`, `goodsID`, `goodsType`, `name`, `num`, `price`, `imgurl` FROM `shop_cart` AS `shop_cart` WHERE `shop_cart`.`uid` = NULL;
2021-07-21 19:34:29,828 INFO 23760 [egg-sequelize](1ms) Executed (default): SELECT `goodsID`, `storeID`, `name`, `title`, `subTitle`, `goodsClassID`, `goodsType`, `imgurl`, `price`, `priceMarket`, `stock`, `note`, `prop`, `spec`, `param`, `hasSpec`, `unit`, `upAt`, `downAt`, `numView`, `numComment`, `numSale`, `numSaleWeek`, `sortNo`, `opBy`, `opAt`, `recommendFlag`, `goodsStatus` FROM `shop_goods` AS `shop_goods` WHERE `shop_goods`.`recommendFlag` = '1' AND `shop_goods`.`goodsStatus` = 'U' ORDER BY `shop_goods`.`sortNo` ASC;
2021-07-21 19:34:29,831 INFO 23760 [egg-sequelize](1ms) Executed (default): SELECT `subjectID`, `title`, `subTitle`, `about`, `coverImg`, `content`, `recommendFlag`, `status`, `createTime` FROM `subject` AS `subject` WHERE `subject`.`status` = '0' ORDER BY `subject`.`createTime` DESC LIMIT 3;
2021-07-21 19:34:29,844 INFO 23760 [egg-sequelize](1ms) Executed (default): SELECT `blogID`, `blogClassID`, `title`, `subTitle`, `about`, `coverImg`, `content`, `status`, `createTime` FROM `blog` AS `blog` WHERE `blog`.`status` = '0' ORDER BY `blog`.`createTime` DESC LIMIT 3;
2021-07-21 19:34:48,473 INFO 23760 [egg-sequelize](1ms) Executed (default): SELECT count(*) AS `count` FROM `shop_cart` AS `shop_cart` WHERE `shop_cart`.`uid` = NULL;
2021-07-21 19:34:48,474 INFO 23760 [egg-sequelize](1ms) Executed (default): SELECT `id`, `uid`, `goodsID`, `goodsType`, `name`, `num`, `price`, `imgurl` FROM `shop_cart` AS `shop_cart` WHERE `shop_cart`.`uid` = NULL;
2021-07-21 19:34:48,478 INFO 23760 [egg-sequelize](2ms) Executed (default): SELECT `goodsID`, `storeID`, `name`, `title`, `subTitle`, `goodsClassID`, `goodsType`, `imgurl`, `price`, `priceMarket`, `stock`, `note`, `prop`, `spec`, `param`, `hasSpec`, `unit`, `upAt`, `downAt`, `numView`, `numComment`, `numSale`, `numSaleWeek`, `sortNo`, `opBy`, `opAt`, `recommendFlag`, `goodsStatus` FROM `shop_goods` AS `shop_goods` WHERE `shop_goods`.`recommendFlag` = '1' AND `shop_goods`.`goodsStatus` = 'U' ORDER BY `shop_goods`.`sortNo` ASC;
2021-07-21 19:34:48,487 INFO 23760 [egg-sequelize](0ms) Executed (default): SELECT `subjectID`, `title`, `subTitle`, `about`, `coverImg`, `content`, `recommendFlag`, `status`, `createTime` FROM `subject` AS `subject` WHERE `subject`.`status` = '0' ORDER BY `subject`.`createTime` DESC LIMIT 3;
2021-07-21 19:34:48,490 INFO 23760 [egg-sequelize](0ms) Executed (default): SELECT `blogID`, `blogClassID`, `title`, `subTitle`, `about`, `coverImg`, `content`, `status`, `createTime` FROM `blog` AS `blog` WHERE `blog`.`status` = '0' ORDER BY `blog`.`createTime` DESC LIMIT 3;
2021-07-21 19:37:23,642 INFO 4260 [egg-sequelize](0ms) Executed (default): SELECT 1+1 AS result
2021-07-21 19:37:23,667 INFO 4260 [egg-sequelize](2ms) Executed (default): SELECT `systemName`, `systemCName`, `configName`, `keyWord`, `configValue`, `configDefaultValue`, `configDESC`, `status`, `note` FROM `config` AS `config` WHERE `config`.`systemName` = 'Apshop';
2021-07-21 19:37:23,674 INFO 4260 [egg-sequelize](1ms) Executed (default): SELECT `shopID`, `sender`, `shopName`, `shopTitle`, `shopDescribe`, `shopKeyWord`, `location`, `completeAddress`, `serviceQQ`, `serviceEmail`, `serviceCall`, `shopLogo`, `wxImg`, `status` FROM `shop` AS `shop` WHERE `shop`.`shopID` = 1;
2021-07-21 19:37:48,616 INFO 26416 [egg-sequelize](1ms) Executed (default): SELECT 1+1 AS result
2021-07-21 19:37:48,640 INFO 26416 [egg-sequelize](3ms) Executed (default): SELECT `systemName`, `systemCName`, `configName`, `keyWord`, `configValue`, `configDefaultValue`, `configDESC`, `status`, `note` FROM `config` AS `config` WHERE `config`.`systemName` = 'Apshop';
2021-07-21 19:37:48,652 INFO 26416 [egg-sequelize](2ms) Executed (default): SELECT `shopID`, `sender`, `shopName`, `shopTitle`, `shopDescribe`, `shopKeyWord`, `location`, `completeAddress`, `serviceQQ`, `serviceEmail`, `serviceCall`, `shopLogo`, `wxImg`, `status` FROM `shop` AS `shop` WHERE `shop`.`shopID` = 1;
2021-07-21 19:42:12,341 INFO 15880 [egg-sequelize](1ms) Executed (default): SELECT 1+1 AS result
2021-07-21 19:42:12,368 INFO 15880 [egg-sequelize](2ms) Executed (default): SELECT `systemName`, `systemCName`, `configName`, `keyWord`, `configValue`, `configDefaultValue`, `configDESC`, `status`, `note` FROM `config` AS `config` WHERE `config`.`systemName` = 'Apshop';
2021-07-21 19:42:12,374 INFO 15880 [egg-sequelize](2ms) Executed (default): SELECT `shopID`, `sender`, `shopName`, `shopTitle`, `shopDescribe`, `shopKeyWord`, `location`, `completeAddress`, `serviceQQ`, `serviceEmail`, `serviceCall`, `shopLogo`, `wxImg`, `status` FROM `shop` AS `shop` WHERE `shop`.`shopID` = 1;
2021-07-21 19:42:31,943 INFO 15880 [egg-sequelize](3ms) Executed (default): SELECT `uid`, `username`, `nickname`, `avatar`, `userType`, `IDType`, `IDNO`, `cell`, `secQuestion1`, `secQuestion2`, `secQuestion3`, `secAnswer1`, `secAnswer2`, `secAnswer3`, `secPassword`, `status`, `validStatus`, `note`, `createTime`, `modifyTime`, `closeDate`, `loginNum`, `lastLoginTime` FROM `user` AS `user` WHERE `user`.`username` = 'admin';
2021-07-21 19:42:31,947 INFO 15880 [egg-sequelize](1ms) Executed (default): SELECT `loginString`, `uid`, `password`, `salt`, `status` FROM `userLogin` AS `userLogin` WHERE `userLogin`.`loginString` = 'admin';
2021-07-21 19:42:32,034 INFO 15880 [egg-sequelize](1ms) Executed (default): INSERT INTO `userLogin_L` (`logID`,`uid`,`loginString`,`loginLogType`,`createTime`) VALUES (DEFAULT,10000000,'admin','L',CURRENT_TIMESTAMP);
2021-07-21 19:42:32,045 INFO 15880 [egg-sequelize](1ms) Executed (default): UPDATE `user` SET `loginNum`=62,`lastLoginTime`='2021-07-21 19:42:32' WHERE `uid` = 10000000
2021-07-21 19:42:32,058 INFO 15880 [egg-sequelize](1ms) Executed (default): SELECT `uid`, `username`, `nickname`, `avatar`, `status`, `note` FROM `user` AS `user` WHERE `user`.`uid` = 10000000;
2021-07-21 19:42:32,255 INFO 15880 [egg-sequelize](6ms) Executed (default): SELECT `reportDate`, `data` FROM `report_day` AS `report_day` WHERE `report_day`.`reportType` = 'register' AND `report_day`.`reportDate` BETWEEN '2021-06-21' AND '2021-07-21' ORDER BY `report_day`.`reportDate` ASC;
2021-07-21 19:42:32,258 INFO 15880 [egg-sequelize](1ms) Executed (default): SELECT count(*) AS `count` FROM `server_list` AS `server_list` WHERE `server_list`.`typeId` LIKE '%undefined%' AND `server_list`.`serverName` LIKE '%undefined%' AND `server_list`.`serverSite` LIKE '%undefined%';
2021-07-21 19:42:32,276 INFO 15880 [egg-sequelize](2ms) Executed (default): SELECT `id`, `serverType`, `serverName`, `ipconfig`, `userName`, `port`, `password`, `dbPort`, `snNumber`, `serverSite`, `progress`, `logSite`, `errorSite`, `logName`, `errorName`, `typeId` FROM `server_list` AS `server_list` WHERE `server_list`.`typeId` LIKE '%undefined%' AND `server_list`.`serverName` LIKE '%undefined%' AND `server_list`.`serverSite` LIKE '%undefined%' LIMIT 0, 10;
2021-07-21 19:43:14,870 INFO 15880 [egg-sequelize](2ms) Executed (default): SELECT count(*) AS `count` FROM `server_list` AS `server_list` WHERE `server_list`.`typeId` LIKE '%%' AND `server_list`.`serverName` LIKE '%%' AND `server_list`.`serverSite` LIKE '%%';
2021-07-21 19:43:14,872 INFO 15880 [egg-sequelize](3ms) Executed (default): SELECT `id`, `serverType`, `serverName`, `ipconfig`, `userName`, `port`, `password`, `dbPort`, `snNumber`, `serverSite`, `progress`, `logSite`, `errorSite`, `logName`, `errorName`, `typeId` FROM `server_list` AS `server_list` WHERE `server_list`.`typeId` LIKE '%%' AND `server_list`.`serverName` LIKE '%%' AND `server_list`.`serverSite` LIKE '%%' LIMIT 0, 20;
2021-07-21 19:43:14,892 INFO 15880 [egg-sequelize](22ms) Executed (default): SELECT `id`, `serverName`, `typeId`, `typeCode` FROM `server_type` AS `server_type`;
2021-07-21 19:43:17,020 INFO 15880 [egg-sequelize](8ms) Executed (default): SELECT `reportDate`, `data` FROM `report_day` AS `report_day` WHERE `report_day`.`reportType` = 'register' AND `report_day`.`reportDate` BETWEEN '2021-06-21' AND '2021-07-21' ORDER BY `report_day`.`reportDate` ASC;
2021-07-21 19:43:17,022 INFO 15880 [egg-sequelize](6ms) Executed (default): SELECT count(*) AS `count` FROM `server_list` AS `server_list` WHERE `server_list`.`typeId` LIKE '%undefined%' AND `server_list`.`serverName` LIKE '%undefined%' AND `server_list`.`serverSite` LIKE '%undefined%';
2021-07-21 19:43:17,048 INFO 15880 [egg-sequelize](29ms) Executed (default): SELECT `id`, `serverType`, `serverName`, `ipconfig`, `userName`, `port`, `password`, `dbPort`, `snNumber`, `serverSite`, `progress`, `logSite`, `errorSite`, `logName`, `errorName`, `typeId` FROM `server_list` AS `server_list` WHERE `server_list`.`typeId` LIKE '%undefined%' AND `server_list`.`serverName` LIKE '%undefined%' AND `server_list`.`serverSite` LIKE '%undefined%' LIMIT 0, 10;
2021-07-21 19:43:50,851 INFO 15880 [egg-sequelize](1ms) Executed (default): SELECT count(*) AS `count` FROM `server_list` AS `server_list` WHERE `server_list`.`typeId` LIKE '%%' AND `server_list`.`serverName` LIKE '%%' AND `server_list`.`serverSite` LIKE '%%';
2021-07-21 19:43:50,853 INFO 15880 [egg-sequelize](2ms) Executed (default): SELECT `id`, `serverType`, `serverName`, `ipconfig`, `userName`, `port`, `password`, `dbPort`, `snNumber`, `serverSite`, `progress`, `logSite`, `errorSite`, `logName`, `errorName`, `typeId` FROM `server_list` AS `server_list` WHERE `server_list`.`typeId` LIKE '%%' AND `server_list`.`serverName` LIKE '%%' AND `server_list`.`serverSite` LIKE '%%' LIMIT 0, 20;
2021-07-21 19:43:50,872 INFO 15880 [egg-sequelize](21ms) Executed (default): SELECT `id`, `serverName`, `typeId`, `typeCode` FROM `server_type` AS `server_type`;
2021-07-21 19:43:57,964 INFO 15880 [egg-sequelize](6ms) Executed (default): SELECT `reportDate`, `data` FROM `report_day` AS `report_day` WHERE `report_day`.`reportType` = 'register' AND `report_day`.`reportDate` BETWEEN '2021-06-21' AND '2021-07-21' ORDER BY `report_day`.`reportDate` ASC;
2021-07-21 19:43:57,965 INFO 15880 [egg-sequelize](2ms) Executed (default): SELECT count(*) AS `count` FROM `server_list` AS `server_list` WHERE `server_list`.`typeId` LIKE '%undefined%' AND `server_list`.`serverName` LIKE '%undefined%' AND `server_list`.`serverSite` LIKE '%undefined%';
2021-07-21 19:43:57,966 INFO 15880 [egg-sequelize](2ms) Executed (default): SELECT `id`, `serverType`, `serverName`, `ipconfig`, `userName`, `port`, `password`, `dbPort`, `snNumber`, `serverSite`, `progress`, `logSite`, `errorSite`, `logName`, `errorName`, `typeId` FROM `server_list` AS `server_list` WHERE `server_list`.`typeId` LIKE '%undefined%' AND `server_list`.`serverName` LIKE '%undefined%' AND `server_list`.`serverSite` LIKE '%undefined%' LIMIT 0, 10;
2021-07-21 19:44:02,404 INFO 15880 [egg-sequelize](4ms) Executed (default): SELECT count(*) AS `count` FROM `server_list` AS `server_list` WHERE `server_list`.`typeId` LIKE '%%' AND `server_list`.`serverName` LIKE '%%' AND `server_list`.`serverSite` LIKE '%%';
2021-07-21 19:44:02,405 INFO 15880 [egg-sequelize](3ms) Executed (default): SELECT `id`, `serverType`, `serverName`, `ipconfig`, `userName`, `port`, `password`, `dbPort`, `snNumber`, `serverSite`, `progress`, `logSite`, `errorSite`, `logName`, `errorName`, `typeId` FROM `server_list` AS `server_list` WHERE `server_list`.`typeId` LIKE '%%' AND `server_list`.`serverName` LIKE '%%' AND `server_list`.`serverSite` LIKE '%%' LIMIT 0, 20;
2021-07-21 19:44:02,408 INFO 15880 [egg-sequelize](5ms) Executed (default): SELECT `id`, `serverName`, `typeId`, `typeCode` FROM `server_type` AS `server_type`;
2021-07-21 19:44:54,391 INFO 15880 [egg-sequelize](0ms) Executed (default): SELECT `uid`, `username`, `nickname`, `avatar`, `status`, `note` FROM `user` AS `user` WHERE `user`.`uid` = 10000000;
2021-07-21 19:44:54,626 INFO 15880 [egg-sequelize](4ms) Executed (default): SELECT count(*) AS `count` FROM `server_list` AS `server_list` WHERE `server_list`.`typeId` LIKE '%%' AND `server_list`.`serverName` LIKE '%%' AND `server_list`.`serverSite` LIKE '%%';
2021-07-21 19:44:54,629 INFO 15880 [egg-sequelize](1ms) Executed (default): SELECT `id`, `serverType`, `serverName`, `ipconfig`, `userName`, `port`, `password`, `dbPort`, `snNumber`, `serverSite`, `progress`, `logSite`, `errorSite`, `logName`, `errorName`, `typeId` FROM `server_list` AS `server_list` WHERE `server_list`.`typeId` LIKE '%%' AND `server_list`.`serverName` LIKE '%%' AND `server_list`.`serverSite` LIKE '%%' LIMIT 0, 20;
2021-07-21 19:44:54,657 INFO 15880 [egg-sequelize](2ms) Executed (default): SELECT `id`, `serverName`, `typeId`, `typeCode` FROM `server_type` AS `server_type`;
2021-07-21 19:44:58,792 INFO 15880 [egg-sequelize](5ms) Executed (default): SELECT count(*) AS `count` FROM `server_list` AS `server_list` WHERE `server_list`.`typeId` LIKE '%undefined%' AND `server_list`.`serverName` LIKE '%undefined%' AND `server_list`.`serverSite` LIKE '%undefined%';
2021-07-21 19:44:58,794 INFO 15880 [egg-sequelize](4ms) Executed (default): SELECT `id`, `serverType`, `serverName`, `ipconfig`, `userName`, `port`, `password`, `dbPort`, `snNumber`, `serverSite`, `progress`, `logSite`, `errorSite`, `logName`, `errorName`, `typeId` FROM `server_list` AS `server_list` WHERE `server_list`.`typeId` LIKE '%undefined%' AND `server_list`.`serverName` LIKE '%undefined%' AND `server_list`.`serverSite` LIKE '%undefined%' LIMIT 0, 10;
2021-07-21 19:44:58,795 INFO 15880 [egg-sequelize](3ms) Executed (default): SELECT `reportDate`, `data` FROM `report_day` AS `report_day` WHERE `report_day`.`reportType` = 'register' AND `report_day`.`reportDate` BETWEEN '2021-06-21' AND '2021-07-21' ORDER BY `report_day`.`reportDate` ASC;
2021-07-21 19:45:51,055 INFO 15880 [egg-sequelize](0ms) Executed (default): SELECT `uid`, `username`, `nickname`, `avatar`, `status`, `note` FROM `user` AS `user` WHERE `user`.`uid` = 10000000;
2021-07-21 19:45:51,151 INFO 15880 [egg-sequelize](1ms) Executed (default): SELECT `uid`, `username`, `nickname`, `avatar`, `status`, `note` FROM `user` AS `user` WHERE `user`.`uid` = 10000000;
2021-07-21 19:45:51,263 INFO 15880 [egg-sequelize](1ms) Executed (default): SELECT `reportDate`, `data` FROM `report_day` AS `report_day` WHERE `report_day`.`reportType` = 'register' AND `report_day`.`reportDate` BETWEEN '2021-06-21' AND '2021-07-21' ORDER BY `report_day`.`reportDate` ASC;
2021-07-21 19:45:51,272 INFO 15880 [egg-sequelize](2ms) Executed (default): SELECT count(*) AS `count` FROM `server_list` AS `server_list` WHERE `server_list`.`typeId` LIKE '%undefined%' AND `server_list`.`serverName` LIKE '%undefined%' AND `server_list`.`serverSite` LIKE '%undefined%';
2021-07-21 19:45:51,291 INFO 15880 [egg-sequelize](2ms) Executed (default): SELECT `id`, `serverType`, `serverName`, `ipconfig`, `userName`, `port`, `password`, `dbPort`, `snNumber`, `serverSite`, `progress`, `logSite`, `errorSite`, `logName`, `errorName`, `typeId` FROM `server_list` AS `server_list` WHERE `server_list`.`typeId` LIKE '%undefined%' AND `server_list`.`serverName` LIKE '%undefined%' AND `server_list`.`serverSite` LIKE '%undefined%' LIMIT 0, 10;
2021-07-21 19:45:51,425 INFO 15880 [egg-sequelize](9ms) Executed (default): SELECT `reportDate`, `data` FROM `report_day` AS `report_day` WHERE `report_day`.`reportType` = 'register' AND `report_day`.`reportDate` BETWEEN '2021-06-21' AND '2021-07-21' ORDER BY `report_day`.`reportDate` ASC;
2021-07-21 19:45:51,474 INFO 15880 [egg-sequelize](5ms) Executed (default): SELECT count(*) AS `count` FROM `server_list` AS `server_list` WHERE `server_list`.`typeId` LIKE '%undefined%' AND `server_list`.`serverName` LIKE '%undefined%' AND `server_list`.`serverSite` LIKE '%undefined%';
2021-07-21 19:45:51,536 INFO 15880 [egg-sequelize](64ms) Executed (default): SELECT `id`, `serverType`, `serverName`, `ipconfig`, `userName`, `port`, `password`, `dbPort`, `snNumber`, `serverSite`, `progress`, `logSite`, `errorSite`, `logName`, `errorName`, `typeId` FROM `server_list` AS `server_list` WHERE `server_list`.`typeId` LIKE '%undefined%' AND `server_list`.`serverName` LIKE '%undefined%' AND `server_list`.`serverSite` LIKE '%undefined%' LIMIT 0, 10;
2021-07-21 19:45:53,713 INFO 15880 [egg-sequelize](0ms) Executed (default): SELECT `uid`, `username`, `nickname`, `avatar`, `status`, `note` FROM `user` AS `user` WHERE `user`.`uid` = 10000000;
2021-07-21 19:45:53,930 INFO 15880 [egg-sequelize](1ms) Executed (default): SELECT `reportDate`, `data` FROM `report_day` AS `report_day` WHERE `report_day`.`reportType` = 'register' AND `report_day`.`reportDate` BETWEEN '2021-06-21' AND '2021-07-21' ORDER BY `report_day`.`reportDate` ASC;
2021-07-21 19:45:53,940 INFO 15880 [egg-sequelize](4ms) Executed (default): SELECT count(*) AS `count` FROM `server_list` AS `server_list` WHERE `server_list`.`typeId` LIKE '%undefined%' AND `server_list`.`serverName` LIKE '%undefined%' AND `server_list`.`serverSite` LIKE '%undefined%';
2021-07-21 19:45:53,964 INFO 15880 [egg-sequelize](26ms) Executed (default): SELECT `id`, `serverType`, `serverName`, `ipconfig`, `userName`, `port`, `password`, `dbPort`, `snNumber`, `serverSite`, `progress`, `logSite`, `errorSite`, `logName`, `errorName`, `typeId` FROM `server_list` AS `server_list` WHERE `server_list`.`typeId` LIKE '%undefined%' AND `server_list`.`serverName` LIKE '%undefined%' AND `server_list`.`serverSite` LIKE '%undefined%' LIMIT 0, 10;
2021-07-21 19:45:54,467 INFO 15880 [egg-sequelize](0ms) Executed (default): SELECT `uid`, `username`, `nickname`, `avatar`, `status`, `note` FROM `user` AS `user` WHERE `user`.`uid` = 10000000;
2021-07-21 19:45:54,626 INFO 15880 [egg-sequelize](6ms) Executed (default): SELECT `reportDate`, `data` FROM `report_day` AS `report_day` WHERE `report_day`.`reportType` = 'register' AND `report_day`.`reportDate` BETWEEN '2021-06-21' AND '2021-07-21' ORDER BY `report_day`.`reportDate` ASC;
2021-07-21 19:45:54,629 INFO 15880 [egg-sequelize](6ms) Executed (default): SELECT count(*) AS `count` FROM `server_list` AS `server_list` WHERE `server_list`.`typeId` LIKE '%undefined%' AND `server_list`.`serverName` LIKE '%undefined%' AND `server_list`.`serverSite` LIKE '%undefined%';
2021-07-21 19:45:54,633 INFO 15880 [egg-sequelize](5ms) Executed (default): SELECT `id`, `serverType`, `serverName`, `ipconfig`, `userName`, `port`, `password`, `dbPort`, `snNumber`, `serverSite`, `progress`, `logSite`, `errorSite`, `logName`, `errorName`, `typeId` FROM `server_list` AS `server_list` WHERE `server_list`.`typeId` LIKE '%undefined%' AND `server_list`.`serverName` LIKE '%undefined%' AND `server_list`.`serverSite` LIKE '%undefined%' LIMIT 0, 10;
2021-07-21 19:48:35,515 INFO 15880 [egg-sequelize](1ms) Executed (default): SELECT `uid`, `username`, `nickname`, `avatar`, `status`, `note` FROM `user` AS `user` WHERE `user`.`uid` = 10000000;
2021-07-21 19:48:35,700 INFO 15880 [egg-sequelize](1ms) Executed (default): SELECT `uid`, `username`, `nickname`, `avatar`, `status`, `note` FROM `user` AS `user` WHERE `user`.`uid` = 10000000;
2021-07-21 19:48:35,714 INFO 15880 [egg-sequelize](4ms) Executed (default): SELECT count(*) AS `count` FROM `server_list` AS `server_list` WHERE `server_list`.`typeId` LIKE '%undefined%' AND `server_list`.`serverName` LIKE '%undefined%' AND `server_list`.`serverSite` LIKE '%undefined%';
2021-07-21 19:48:35,727 INFO 15880 [egg-sequelize](1ms) Executed (default): SELECT `id`, `serverType`, `serverName`, `ipconfig`, `userName`, `port`, `password`, `dbPort`, `snNumber`, `serverSite`, `progress`, `logSite`, `errorSite`, `logName`, `errorName`, `typeId` FROM `server_list` AS `server_list` WHERE `server_list`.`typeId` LIKE '%undefined%' AND `server_list`.`serverName` LIKE '%undefined%' AND `server_list`.`serverSite` LIKE '%undefined%' LIMIT 0, 10;
2021-07-21 19:48:35,732 INFO 15880 [egg-sequelize](2ms) Executed (default): SELECT `reportDate`, `data` FROM `report_day` AS `report_day` WHERE `report_day`.`reportType` = 'register' AND `report_day`.`reportDate` BETWEEN '2021-06-21' AND '2021-07-21' ORDER BY `report_day`.`reportDate` ASC;
2021-07-21 19:48:35,938 INFO 15880 [egg-sequelize](1ms) Executed (default): SELECT `reportDate`, `data` FROM `report_day` AS `report_day` WHERE `report_day`.`reportType` = 'register' AND `report_day`.`reportDate` BETWEEN '2021-06-21' AND '2021-07-21' ORDER BY `report_day`.`reportDate` ASC;
2021-07-21 19:48:35,945 INFO 15880 [egg-sequelize](1ms) Executed (default): SELECT count(*) AS `count` FROM `server_list` AS `server_list` WHERE `server_list`.`typeId` LIKE '%undefined%' AND `server_list`.`serverName` LIKE '%undefined%' AND `server_list`.`serverSite` LIKE '%undefined%';
2021-07-21 19:48:35,959 INFO 15880 [egg-sequelize](14ms) Executed (default): SELECT `id`, `serverType`, `serverName`, `ipconfig`, `userName`, `port`, `password`, `dbPort`, `snNumber`, `serverSite`, `progress`, `logSite`, `errorSite`, `logName`, `errorName`, `typeId` FROM `server_list` AS `server_list` WHERE `server_list`.`typeId` LIKE '%undefined%' AND `server_list`.`serverName` LIKE '%undefined%' AND `server_list`.`serverSite` LIKE '%undefined%' LIMIT 0, 10;
2021-07-21 19:49:02,191 INFO 15880 [egg-sequelize](0ms) Executed (default): SELECT `uid`, `username`, `nickname`, `avatar`, `status`, `note` FROM `user` AS `user` WHERE `user`.`uid` = 10000000;
2021-07-21 19:49:02,224 INFO 15880 [egg-sequelize](0ms) Executed (default): SELECT `uid`, `username`, `nickname`, `avatar`, `status`, `note` FROM `user` AS `user` WHERE `user`.`uid` = 10000000;
2021-07-21 19:49:06,854 INFO 15880 [egg-sequelize](1ms) Executed (default): SELECT `uid`, `username`, `nickname`, `avatar`, `status`, `note` FROM `user` AS `user` WHERE `user`.`uid` = 10000000;
2021-07-21 19:49:29,675 INFO 15880 [egg-sequelize](0ms) Executed (default): SELECT `uid`, `username`, `nickname`, `avatar`, `status`, `note` FROM `user` AS `user` WHERE `user`.`uid` = 10000000;
2021-07-21 19:49:29,779 INFO 15880 [egg-sequelize](1ms) Executed (default): SELECT `uid`, `username`, `nickname`, `avatar`, `status`, `note` FROM `user` AS `user` WHERE `user`.`uid` = 10000000;
2021-07-21 19:49:30,452 INFO 15880 [egg-sequelize](5ms) Executed (default): SELECT `reportDate`, `data` FROM `report_day` AS `report_day` WHERE `report_day`.`reportType` = 'register' AND `report_day`.`reportDate` BETWEEN '2021-06-21' AND '2021-07-21' ORDER BY `report_day`.`reportDate` ASC;
2021-07-21 19:49:30,454 INFO 15880 [egg-sequelize](1ms) Executed (default): SELECT count(*) AS `count` FROM `server_list` AS `server_list` WHERE `server_list`.`typeId` LIKE '%undefined%' AND `server_list`.`serverName` LIKE '%undefined%' AND `server_list`.`serverSite` LIKE '%undefined%';
2021-07-21 19:49:30,472 INFO 15880 [egg-sequelize](0ms) Executed (default): SELECT `id`, `serverType`, `serverName`, `ipconfig`, `userName`, `port`, `password`, `dbPort`, `snNumber`, `serverSite`, `progress`, `logSite`, `errorSite`, `logName`, `errorName`, `typeId` FROM `server_list` AS `server_list` WHERE `server_list`.`typeId` LIKE '%undefined%' AND `server_list`.`serverName` LIKE '%undefined%' AND `server_list`.`serverSite` LIKE '%undefined%' LIMIT 0, 10;
2021-07-21 19:49:49,983 INFO 15880 [egg-sequelize](1ms) Executed (default): SELECT `uid`, `username`, `nickname`, `avatar`, `status`, `note` FROM `user` AS `user` WHERE `user`.`uid` = 10000000;
2021-07-21 19:49:50,003 INFO 15880 [egg-sequelize](1ms) Executed (default): SELECT `uid`, `username`, `nickname`, `avatar`, `status`, `note` FROM `user` AS `user` WHERE `user`.`uid` = 10000000;
2021-07-21 19:49:50,159 INFO 15880 [egg-sequelize](4ms) Executed (default): SELECT count(*) AS `count` FROM `server_list` AS `server_list` WHERE `server_list`.`typeId` LIKE '%%' AND `server_list`.`serverName` LIKE '%%' AND `server_list`.`serverSite` LIKE '%%';
2021-07-21 19:49:50,161 INFO 15880 [egg-sequelize](1ms) Executed (default): SELECT `id`, `serverType`, `serverName`, `ipconfig`, `userName`, `port`, `password`, `dbPort`, `snNumber`, `serverSite`, `progress`, `logSite`, `errorSite`, `logName`, `errorName`, `typeId` FROM `server_list` AS `server_list` WHERE `server_list`.`typeId` LIKE '%%' AND `server_list`.`serverName` LIKE '%%' AND `server_list`.`serverSite` LIKE '%%' LIMIT 0, 20;
2021-07-21 19:49:50,183 INFO 15880 [egg-sequelize](2ms) Executed (default): SELECT `id`, `serverName`, `typeId`, `typeCode` FROM `server_type` AS `server_type`;
2021-07-21 19:50:04,363 INFO 15880 [egg-sequelize](0ms) Executed (default): SELECT `uid`, `username`, `nickname`, `avatar`, `status`, `note` FROM `user` AS `user` WHERE `user`.`uid` = 10000000;
2021-07-21 19:50:04,387 INFO 15880 [egg-sequelize](0ms) Executed (default): SELECT `uid`, `username`, `nickname`, `avatar`, `status`, `note` FROM `user` AS `user` WHERE `user`.`uid` = 10000000;
2021-07-21 19:50:04,547 INFO 15880 [egg-sequelize](5ms) Executed (default): SELECT count(*) AS `count` FROM `server_list` AS `server_list` WHERE `server_list`.`typeId` LIKE '%%' AND `server_list`.`serverName` LIKE '%%' AND `server_list`.`serverSite` LIKE '%%';
2021-07-21 19:50:04,551 INFO 15880 [egg-sequelize](3ms) Executed (default): SELECT `id`, `serverType`, `serverName`, `ipconfig`, `userName`, `port`, `password`, `dbPort`, `snNumber`, `serverSite`, `progress`, `logSite`, `errorSite`, `logName`, `errorName`, `typeId` FROM `server_list` AS `server_list` WHERE `server_list`.`typeId` LIKE '%%' AND `server_list`.`serverName` LIKE '%%' AND `server_list`.`serverSite` LIKE '%%' LIMIT 0, 20;
2021-07-21 19:50:04,574 INFO 15880 [egg-sequelize](1ms) Executed (default): SELECT `id`, `serverName`, `typeId`, `typeCode` FROM `server_type` AS `server_type`;
2021-07-21 19:50:18,687 INFO 15880 [egg-sequelize](0ms) Executed (default): SELECT `uid`, `username`, `nickname`, `avatar`, `status`, `note` FROM `user` AS `user` WHERE `user`.`uid` = 10000000;
2021-07-21 19:50:18,695 INFO 15880 [egg-sequelize](0ms) Executed (default): SELECT `uid`, `username`, `nickname`, `avatar`, `status`, `note` FROM `user` AS `user` WHERE `user`.`uid` = 10000000;
2021-07-21 19:50:18,871 INFO 15880 [egg-sequelize](4ms) Executed (default): SELECT count(*) AS `count` FROM `server_list` AS `server_list` WHERE `server_list`.`typeId` LIKE '%%' AND `server_list`.`serverName` LIKE '%%' AND `server_list`.`serverSite` LIKE '%%';
2021-07-21 19:50:18,874 INFO 15880 [egg-sequelize](6ms) Executed (default): SELECT `id`, `serverType`, `serverName`, `ipconfig`, `userName`, `port`, `password`, `dbPort`, `snNumber`, `serverSite`, `progress`, `logSite`, `errorSite`, `logName`, `errorName`, `typeId` FROM `server_list` AS `server_list` WHERE `server_list`.`typeId` LIKE '%%' AND `server_list`.`serverName` LIKE '%%' AND `server_list`.`serverSite` LIKE '%%' LIMIT 0, 20;
2021-07-21 19:50:18,896 INFO 15880 [egg-sequelize](25ms) Executed (default): SELECT `id`, `serverName`, `typeId`, `typeCode` FROM `server_type` AS `server_type`;
2021-07-21 19:50:38,053 INFO 15880 [egg-sequelize](1ms) Executed (default): SELECT `uid`, `username`, `nickname`, `avatar`, `status`, `note` FROM `user` AS `user` WHERE `user`.`uid` = 10000000;
2021-07-21 19:50:38,090 INFO 15880 [egg-sequelize](0ms) Executed (default): SELECT `uid`, `username`, `nickname`, `avatar`, `status`, `note` FROM `user` AS `user` WHERE `user`.`uid` = 10000000;
2021-07-21 19:50:38,230 INFO 15880 [egg-sequelize](4ms) Executed (default): SELECT count(*) AS `count` FROM `server_list` AS `server_list` WHERE `server_list`.`typeId` LIKE '%%' AND `server_list`.`serverName` LIKE '%%' AND `server_list`.`serverSite` LIKE '%%';
2021-07-21 19:50:38,233 INFO 15880 [egg-sequelize](2ms) Executed (default): SELECT `id`, `serverType`, `serverName`, `ipconfig`, `userName`, `port`, `password`, `dbPort`, `snNumber`, `serverSite`, `progress`, `logSite`, `errorSite`, `logName`, `errorName`, `typeId` FROM `server_list` AS `server_list` WHERE `server_list`.`typeId` LIKE '%%' AND `server_list`.`serverName` LIKE '%%' AND `server_list`.`serverSite` LIKE '%%' LIMIT 0, 20;
2021-07-21 19:50:38,258 INFO 15880 [egg-sequelize](2ms) Executed (default): SELECT `id`, `serverName`, `typeId`, `typeCode` FROM `server_type` AS `server_type`;
2021-07-21 19:52:03,309 INFO 15880 [egg-sequelize](0ms) Executed (default): SELECT `uid`, `username`, `nickname`, `avatar`, `status`, `note` FROM `user` AS `user` WHERE `user`.`uid` = 10000000;
2021-07-21 19:52:03,439 INFO 15880 [egg-sequelize](0ms) Executed (default): SELECT `uid`, `username`, `nickname`, `avatar`, `status`, `note` FROM `user` AS `user` WHERE `user`.`uid` = 10000000;
2021-07-21 19:52:03,481 INFO 15880 [egg-sequelize](5ms) Executed (default): SELECT count(*) AS `count` FROM `server_list` AS `server_list` WHERE `server_list`.`typeId` LIKE '%%' AND `server_list`.`serverName` LIKE '%%' AND `server_list`.`serverSite` LIKE '%%';
2021-07-21 19:52:03,483 INFO 15880 [egg-sequelize](1ms) Executed (default): SELECT `id`, `serverType`, `serverName`, `ipconfig`, `userName`, `port`, `password`, `dbPort`, `snNumber`, `serverSite`, `progress`, `logSite`, `errorSite`, `logName`, `errorName`, `typeId` FROM `server_list` AS `server_list` WHERE `server_list`.`typeId` LIKE '%%' AND `server_list`.`serverName` LIKE '%%' AND `server_list`.`serverSite` LIKE '%%' LIMIT 0, 20;
2021-07-21 19:52:03,486 INFO 15880 [egg-sequelize](1ms) Executed (default): SELECT `id`, `serverName`, `typeId`, `typeCode` FROM `server_type` AS `server_type`;
2021-07-21 19:52:58,028 INFO 15880 [egg-sequelize](1ms) Executed (default): SELECT `uid`, `username`, `nickname`, `avatar`, `status`, `note` FROM `user` AS `user` WHERE `user`.`uid` = 10000000;
2021-07-21 19:52:58,106 INFO 15880 [egg-sequelize](0ms) Executed (default): SELECT `uid`, `username`, `nickname`, `avatar`, `status`, `note` FROM `user` AS `user` WHERE `user`.`uid` = 10000000;
2021-07-21 19:52:58,194 INFO 15880 [egg-sequelize](5ms) Executed (default): SELECT count(*) AS `count` FROM `server_list` AS `server_list` WHERE `server_list`.`typeId` LIKE '%%' AND `server_list`.`serverName` LIKE '%%' AND `server_list`.`serverSite` LIKE '%%';
2021-07-21 19:52:58,198 INFO 15880 [egg-sequelize](2ms) Executed (default): SELECT `id`, `serverType`, `serverName`, `ipconfig`, `userName`, `port`, `password`, `dbPort`, `snNumber`, `serverSite`, `progress`, `logSite`, `errorSite`, `logName`, `errorName`, `typeId` FROM `server_list` AS `server_list` WHERE `server_list`.`typeId` LIKE '%%' AND `server_list`.`serverName` LIKE '%%' AND `server_list`.`serverSite` LIKE '%%' LIMIT 0, 20;
2021-07-21 19:52:58,201 INFO 15880 [egg-sequelize](2ms) Executed (default): SELECT `id`, `serverName`, `typeId`, `typeCode` FROM `server_type` AS `server_type`;
2021-07-21 19:53:08,093 INFO 15880 [egg-sequelize](0ms) Executed (default): SELECT `uid`, `username`, `nickname`, `avatar`, `status`, `note` FROM `user` AS `user` WHERE `user`.`uid` = 10000000;
2021-07-21 19:53:08,156 INFO 15880 [egg-sequelize](0ms) Executed (default): SELECT `uid`, `username`, `nickname`, `avatar`, `status`, `note` FROM `user` AS `user` WHERE `user`.`uid` = 10000000;
2021-07-21 19:53:08,233 INFO 15880 [egg-sequelize](4ms) Executed (default): SELECT count(*) AS `count` FROM `server_list` AS `server_list` WHERE `server_list`.`typeId` LIKE '%%' AND `server_list`.`serverName` LIKE '%%' AND `server_list`.`serverSite` LIKE '%%';
2021-07-21 19:53:08,235 INFO 15880 [egg-sequelize](4ms) Executed (default): SELECT `id`, `serverType`, `serverName`, `ipconfig`, `userName`, `port`, `password`, `dbPort`, `snNumber`, `serverSite`, `progress`, `logSite`, `errorSite`, `logName`, `errorName`, `typeId` FROM `server_list` AS `server_list` WHERE `server_list`.`typeId` LIKE '%%' AND `server_list`.`serverName` LIKE '%%' AND `server_list`.`serverSite` LIKE '%%' LIMIT 0, 20;
2021-07-21 19:53:08,258 INFO 15880 [egg-sequelize](25ms) Executed (default): SELECT `id`, `serverName`, `typeId`, `typeCode` FROM `server_type` AS `server_type`;
2021-07-21 19:53:31,229 INFO 15880 [egg-sequelize](0ms) Executed (default): SELECT `uid`, `username`, `nickname`, `avatar`, `status`, `note` FROM `user` AS `user` WHERE `user`.`uid` = 10000000;
2021-07-21 19:53:31,318 INFO 15880 [egg-sequelize](0ms) Executed (default): SELECT `uid`, `username`, `nickname`, `avatar`, `status`, `note` FROM `user` AS `user` WHERE `user`.`uid` = 10000000;
2021-07-21 19:53:31,349 INFO 15880 [egg-sequelize](6ms) Executed (default): SELECT count(*) AS `count` FROM `server_list` AS `server_list` WHERE `server_list`.`typeId` LIKE '%%' AND `server_list`.`serverName` LIKE '%%' AND `server_list`.`serverSite` LIKE '%%';
2021-07-21 19:53:31,357 INFO 15880 [egg-sequelize](2ms) Executed (default): SELECT `id`, `serverType`, `serverName`, `ipconfig`, `userName`, `port`, `password`, `dbPort`, `snNumber`, `serverSite`, `progress`, `logSite`, `errorSite`, `logName`, `errorName`, `typeId` FROM `server_list` AS `server_list` WHERE `server_list`.`typeId` LIKE '%%' AND `server_list`.`serverName` LIKE '%%' AND `server_list`.`serverSite` LIKE '%%' LIMIT 0, 20;
2021-07-21 19:53:31,361 INFO 15880 [egg-sequelize](1ms) Executed (default): SELECT `id`, `serverName`, `typeId`, `typeCode` FROM `server_type` AS `server_type`;
2021-07-21 19:54:38,420 INFO 15880 [egg-sequelize](1ms) Executed (default): SELECT `uid`, `username`, `nickname`, `avatar`, `status`, `note` FROM `user` AS `user` WHERE `user`.`uid` = 10000000;
2021-07-21 19:54:38,543 INFO 15880 [egg-sequelize](7ms) Executed (default): SELECT count(*) AS `count` FROM `server_list` AS `server_list` WHERE `server_list`.`typeId` LIKE '%%' AND `server_list`.`serverName` LIKE '%%' AND `server_list`.`serverSite` LIKE '%%';
2021-07-21 19:54:38,546 INFO 15880 [egg-sequelize](2ms) Executed (default): SELECT `id`, `serverType`, `serverName`, `ipconfig`, `userName`, `port`, `password`, `dbPort`, `snNumber`, `serverSite`, `progress`, `logSite`, `errorSite`, `logName`, `errorName`, `typeId` FROM `server_list` AS `server_list` WHERE `server_list`.`typeId` LIKE '%%' AND `server_list`.`serverName` LIKE '%%' AND `server_list`.`serverSite` LIKE '%%' LIMIT 0, 20;
2021-07-21 19:54:38,571 INFO 15880 [egg-sequelize](1ms) Executed (default): SELECT `id`, `serverName`, `typeId`, `typeCode` FROM `server_type` AS `server_type`;
2021-07-21 19:54:38,635 INFO 15880 [egg-sequelize](3ms) Executed (default): SELECT `uid`, `username`, `nickname`, `avatar`, `status`, `note` FROM `user` AS `user` WHERE `user`.`uid` = 10000000;
2021-07-21 19:54:58,988 INFO 15880 [egg-sequelize](0ms) Executed (default): SELECT `uid`, `username`, `nickname`, `avatar`, `status`, `note` FROM `user` AS `user` WHERE `user`.`uid` = 10000000;
2021-07-21 19:54:59,071 INFO 15880 [egg-sequelize](0ms) Executed (default): SELECT `uid`, `username`, `nickname`, `avatar`, `status`, `note` FROM `user` AS `user` WHERE `user`.`uid` = 10000000;
2021-07-21 19:54:59,153 INFO 15880 [egg-sequelize](11ms) Executed (default): SELECT count(*) AS `count` FROM `server_list` AS `server_list` WHERE `server_list`.`typeId` LIKE '%%' AND `server_list`.`serverName` LIKE '%%' AND `server_list`.`serverSite` LIKE '%%';
2021-07-21 19:54:59,160 INFO 15880 [egg-sequelize](4ms) Executed (default): SELECT `id`, `serverType`, `serverName`, `ipconfig`, `userName`, `port`, `password`, `dbPort`, `snNumber`, `serverSite`, `progress`, `logSite`, `errorSite`, `logName`, `errorName`, `typeId` FROM `server_list` AS `server_list` WHERE `server_list`.`typeId` LIKE '%%' AND `server_list`.`serverName` LIKE '%%' AND `server_list`.`serverSite` LIKE '%%' LIMIT 0, 20;
2021-07-21 19:54:59,165 INFO 15880 [egg-sequelize](3ms) Executed (default): SELECT `id`, `serverName`, `typeId`, `typeCode` FROM `server_type` AS `server_type`;
2021-07-21 19:58:06,721 INFO 15880 [egg-sequelize](0ms) Executed (default): SELECT `uid`, `username`, `nickname`, `avatar`, `status`, `note` FROM `user` AS `user` WHERE `user`.`uid` = 10000000;
2021-07-21 19:58:06,864 INFO 15880 [egg-sequelize](7ms) Executed (default): SELECT count(*) AS `count` FROM `server_list` AS `server_list` WHERE `server_list`.`typeId` LIKE '%%' AND `server_list`.`serverName` LIKE '%%' AND `server_list`.`serverSite` LIKE '%%';
2021-07-21 19:58:06,869 INFO 15880 [egg-sequelize](2ms) Executed (default): SELECT `id`, `serverType`, `serverName`, `ipconfig`, `userName`, `port`, `password`, `dbPort`, `snNumber`, `serverSite`, `progress`, `logSite`, `errorSite`, `logName`, `errorName`, `typeId` FROM `server_list` AS `server_list` WHERE `server_list`.`typeId` LIKE '%%' AND `server_list`.`serverName` LIKE '%%' AND `server_list`.`serverSite` LIKE '%%' LIMIT 0, 20;
2021-07-21 19:58:06,897 INFO 15880 [egg-sequelize](3ms) Executed (default): SELECT `id`, `serverName`, `typeId`, `typeCode` FROM `server_type` AS `server_type`;
2021-07-21 19:58:06,939 INFO 15880 [egg-sequelize](1ms) Executed (default): SELECT `uid`, `username`, `nickname`, `avatar`, `status`, `note` FROM `user` AS `user` WHERE `user`.`uid` = 10000000;
2021-07-21 19:59:24,518 INFO 15880 [egg-sequelize](0ms) Executed (default): SELECT `uid`, `username`, `nickname`, `avatar`, `userType`, `IDType`, `IDNO`, `cell`, `secQuestion1`, `secQuestion2`, `secQuestion3`, `secAnswer1`, `secAnswer2`, `secAnswer3`, `secPassword`, `status`, `validStatus`, `note`, `createTime`, `modifyTime`, `closeDate`, `loginNum`, `lastLoginTime` FROM `user` AS `user` WHERE `user`.`uid` = 10000000;
2021-07-21 19:59:24,541 INFO 15880 [egg-sequelize](1ms) Executed (default): INSERT INTO `userLogin_L` (`logID`,`uid`,`loginString`,`loginLogType`,`createTime`) VALUES (DEFAULT,10000000,'admin','Q',CURRENT_TIMESTAMP);
2021-07-21 19:59:26,466 INFO 15880 [egg-sequelize](0ms) Executed (default): SELECT `uid`, `username`, `nickname`, `avatar`, `userType`, `IDType`, `IDNO`, `cell`, `secQuestion1`, `secQuestion2`, `secQuestion3`, `secAnswer1`, `secAnswer2`, `secAnswer3`, `secPassword`, `status`, `validStatus`, `note`, `createTime`, `modifyTime`, `closeDate`, `loginNum`, `lastLoginTime` FROM `user` AS `user` WHERE `user`.`username` = 'admin';
2021-07-21 19:59:26,470 INFO 15880 [egg-sequelize](1ms) Executed (default): SELECT `loginString`, `uid`, `password`, `salt`, `status` FROM `userLogin` AS `userLogin` WHERE `userLogin`.`loginString` = 'admin';
2021-07-21 19:59:26,558 INFO 15880 [egg-sequelize](0ms) Executed (default): INSERT INTO `userLogin_L` (`logID`,`uid`,`loginString`,`loginLogType`,`createTime`) VALUES (DEFAULT,10000000,'admin','L',CURRENT_TIMESTAMP);
2021-07-21 19:59:26,565 INFO 15880 [egg-sequelize](1ms) Executed (default): UPDATE `user` SET `loginNum`=63,`lastLoginTime`='2021-07-21 19:59:26' WHERE `uid` = 10000000
2021-07-21 19:59:26,577 INFO 15880 [egg-sequelize](1ms) Executed (default): SELECT `uid`, `username`, `nickname`, `avatar`, `status`, `note` FROM `user` AS `user` WHERE `user`.`uid` = 10000000;
2021-07-21 19:59:26,682 INFO 15880 [egg-sequelize](6ms) Executed (default): SELECT count(*) AS `count` FROM `server_list` AS `server_list` WHERE `server_list`.`typeId` LIKE '%%' AND `server_list`.`serverName` LIKE '%%' AND `server_list`.`serverSite` LIKE '%%';
2021-07-21 19:59:26,684 INFO 15880 [egg-sequelize](1ms) Executed (default): SELECT `id`, `serverType`, `serverName`, `ipconfig`, `userName`, `port`, `password`, `dbPort`, `snNumber`, `serverSite`, `progress`, `logSite`, `errorSite`, `logName`, `errorName`, `typeId` FROM `server_list` AS `server_list` WHERE `server_list`.`typeId` LIKE '%%' AND `server_list`.`serverName` LIKE '%%' AND `server_list`.`serverSite` LIKE '%%' LIMIT 0, 20;
2021-07-21 19:59:26,686 INFO 15880 [egg-sequelize](1ms) Executed (default): SELECT `id`, `serverName`, `typeId`, `typeCode` FROM `server_type` AS `server_type`;
2021-07-21 20:00:48,523 INFO 15880 [egg-sequelize](1ms) Executed (default): SELECT count(*) AS `count` FROM `server_list` AS `server_list` WHERE `server_list`.`typeId` LIKE '%10%' AND `server_list`.`serverName` LIKE '%%' AND `server_list`.`serverSite` LIKE '%%';
2021-07-21 20:00:48,524 INFO 15880 [egg-sequelize](2ms) Executed (default): SELECT `id`, `serverType`, `serverName`, `ipconfig`, `userName`, `port`, `password`, `dbPort`, `snNumber`, `serverSite`, `progress`, `logSite`, `errorSite`, `logName`, `errorName`, `typeId` FROM `server_list` AS `server_list` WHERE `server_list`.`typeId` LIKE '%10%' AND `server_list`.`serverName` LIKE '%%' AND `server_list`.`serverSite` LIKE '%%' LIMIT 0, 20;
2021-07-21 20:00:55,516 INFO 15880 [egg-sequelize](1ms) Executed (default): SELECT `id`, `serverType`, `serverName`, `ipconfig`, `userName`, `port`, `password`, `dbPort`, `snNumber`, `serverSite`, `progress`, `logSite`, `errorSite`, `logName`, `errorName`, `typeId` FROM `server_list` AS `server_list` WHERE `server_list`.`id` = 1;
2021-07-21 20:01:34,763 INFO 15880 [egg-sequelize](1ms) Executed (default): SELECT count(*) AS `count` FROM `server_list` AS `server_list` WHERE `server_list`.`typeId` LIKE '%10%' AND `server_list`.`serverName` LIKE '%%' AND `server_list`.`serverSite` LIKE '%%';
2021-07-21 20:01:34,767 INFO 15880 [egg-sequelize](4ms) Executed (default): SELECT `id`, `serverType`, `serverName`, `ipconfig`, `userName`, `port`, `password`, `dbPort`, `snNumber`, `serverSite`, `progress`, `logSite`, `errorSite`, `logName`, `errorName`, `typeId` FROM `server_list` AS `server_list` WHERE `server_list`.`typeId` LIKE '%10%' AND `server_list`.`serverName` LIKE '%%' AND `server_list`.`serverSite` LIKE '%%' LIMIT 0, 20;
