2021-07-21 20:04:28,085 ERROR 2280 nodejs.EPERMError: EPERM: operation not permitted, watch
    at FSEvent.FSWatcher._handle.onchange (internal/fs/watchers.js:123:28)
errno: -4048
syscall: "watch"
code: "EPERM"
filename: null
dir: "D:\\gitwork\\git\\IPC-management\\IPC-manage\\app\\public\\admin\\css"
name: "EPERMError"
pid: 2280
hostname: DESKTOP-O1VQ3R9

2021-07-21 20:04:28,106 ERROR 2280 nodejs.EPERMError: EPERM: operation not permitted, watch
    at FSEvent.FSWatcher._handle.onchange (internal/fs/watchers.js:123:28)
errno: -4048
syscall: "watch"
code: "EPERM"
filename: null
dir: "D:\\gitwork\\git\\IPC-management\\IPC-manage\\app\\public\\admin\\js"
name: "EPERMError"
pid: 2280
hostname: DESKTOP-O1VQ3R9

2021-07-21 20:04:28,113 ERROR 2280 nodejs.EPERMError: EPERM: operation not permitted, watch
    at FSEvent.FSWatcher._handle.onchange (internal/fs/watchers.js:123:28)
errno: -4048
syscall: "watch"
code: "EPERM"
filename: null
dir: "D:\\gitwork\\git\\IPC-management\\IPC-manage\\app\\public\\admin\\tinymce\\langs"
name: "EPERMError"
pid: 2280
hostname: DESKTOP-O1VQ3R9

2021-07-21 20:04:28,115 ERROR 2280 nodejs.EPERMError: EPERM: operation not permitted, watch
    at FSEvent.FSWatcher._handle.onchange (internal/fs/watchers.js:123:28)
errno: -4048
syscall: "watch"
code: "EPERM"
filename: null
dir: "D:\\gitwork\\git\\IPC-management\\IPC-manage\\app\\public\\admin\\tinymce"
name: "EPERMError"
pid: 2280
hostname: DESKTOP-O1VQ3R9

2021-07-21 20:04:28,172 ERROR 2280 nodejs.EPERMError: EPERM: operation not permitted, watch
    at FSEvent.FSWatcher._handle.onchange (internal/fs/watchers.js:123:28)
errno: -4048
syscall: "watch"
code: "EPERM"
filename: null
dir: "D:\\gitwork\\git\\IPC-management\\IPC-manage\\app\\public\\admin\\tinymce\\skins\\lightgray"
name: "EPERMError"
pid: 2280
hostname: DESKTOP-O1VQ3R9

2021-07-21 20:04:28,192 ERROR 2280 nodejs.EPERMError: EPERM: operation not permitted, watch
    at FSEvent.FSWatcher._handle.onchange (internal/fs/watchers.js:123:28)
errno: -4048
syscall: "watch"
code: "EPERM"
filename: null
dir: "D:\\gitwork\\git\\IPC-management\\IPC-manage\\app\\public\\admin\\tinymce\\skins"
name: "EPERMError"
pid: 2280
hostname: DESKTOP-O1VQ3R9

2021-07-21 20:04:28,195 ERROR 2280 nodejs.EPERMError: EPERM: operation not permitted, watch
    at FSEvent.FSWatcher._handle.onchange (internal/fs/watchers.js:123:28)
errno: -4048
syscall: "watch"
code: "EPERM"
filename: null
dir: "D:\\gitwork\\git\\IPC-management\\IPC-manage\\app\\public\\admin\\tinymce\\skins\\lightgray\\fonts"
name: "EPERMError"
pid: 2280
hostname: DESKTOP-O1VQ3R9

2021-07-21 20:04:28,198 ERROR 2280 nodejs.EPERMError: EPERM: operation not permitted, watch
    at FSEvent.FSWatcher._handle.onchange (internal/fs/watchers.js:123:28)
errno: -4048
syscall: "watch"
code: "EPERM"
filename: null
dir: "D:\\gitwork\\git\\IPC-management\\IPC-manage\\app\\public\\admin\\tinymce\\skins\\lightgray\\img"
name: "EPERMError"
pid: 2280
hostname: DESKTOP-O1VQ3R9

2021-07-21 20:04:28,200 ERROR 2280 nodejs.EPERMError: EPERM: operation not permitted, watch
    at FSEvent.FSWatcher._handle.onchange (internal/fs/watchers.js:123:28)
errno: -4048
syscall: "watch"
code: "EPERM"
filename: null
dir: "D:\\gitwork\\git\\IPC-management\\IPC-manage\\app\\public\\admin\\tinymce4.7.5\\langs"
name: "EPERMError"
pid: 2280
hostname: DESKTOP-O1VQ3R9

2021-07-21 20:04:28,202 ERROR 2280 nodejs.EPERMError: EPERM: operation not permitted, watch
    at FSEvent.FSWatcher._handle.onchange (internal/fs/watchers.js:123:28)
errno: -4048
syscall: "watch"
code: "EPERM"
filename: null
dir: "D:\\gitwork\\git\\IPC-management\\IPC-manage\\app\\public\\admin\\tinymce4.7.5"
name: "EPERMError"
pid: 2280
hostname: DESKTOP-O1VQ3R9

2021-07-21 20:04:28,204 ERROR 2280 nodejs.EPERMError: EPERM: operation not permitted, watch
    at FSEvent.FSWatcher._handle.onchange (internal/fs/watchers.js:123:28)
errno: -4048
syscall: "watch"
code: "EPERM"
filename: null
dir: "D:\\gitwork\\git\\IPC-management\\IPC-manage\\app\\public\\admin\\tinymce4.7.5\\plugins\\codesample\\css"
name: "EPERMError"
pid: 2280
hostname: DESKTOP-O1VQ3R9

2021-07-21 20:04:28,227 ERROR 2280 nodejs.EPERMError: EPERM: operation not permitted, watch
    at FSEvent.FSWatcher._handle.onchange (internal/fs/watchers.js:123:28)
errno: -4048
syscall: "watch"
code: "EPERM"
filename: null
dir: "D:\\gitwork\\git\\IPC-management\\IPC-manage\\app\\public\\admin\\tinymce4.7.5\\plugins\\codesample"
name: "EPERMError"
pid: 2280
hostname: DESKTOP-O1VQ3R9

2021-07-21 20:04:28,228 ERROR 2280 nodejs.EPERMError: EPERM: operation not permitted, watch
    at FSEvent.FSWatcher._handle.onchange (internal/fs/watchers.js:123:28)
errno: -4048
syscall: "watch"
code: "EPERM"
filename: null
dir: "D:\\gitwork\\git\\IPC-management\\IPC-manage\\app\\public\\admin\\tinymce4.7.5\\plugins"
name: "EPERMError"
pid: 2280
hostname: DESKTOP-O1VQ3R9

2021-07-21 20:04:28,230 ERROR 2280 nodejs.EPERMError: EPERM: operation not permitted, watch
    at FSEvent.FSWatcher._handle.onchange (internal/fs/watchers.js:123:28)
errno: -4048
syscall: "watch"
code: "EPERM"
filename: null
dir: "D:\\gitwork\\git\\IPC-management\\IPC-manage\\app\\public\\admin\\tinymce4.7.5\\plugins\\emoticons\\img"
name: "EPERMError"
pid: 2280
hostname: DESKTOP-O1VQ3R9

2021-07-21 20:04:28,231 ERROR 2280 nodejs.EPERMError: EPERM: operation not permitted, watch
    at FSEvent.FSWatcher._handle.onchange (internal/fs/watchers.js:123:28)
errno: -4048
syscall: "watch"
code: "EPERM"
filename: null
dir: "D:\\gitwork\\git\\IPC-management\\IPC-manage\\app\\public\\admin\\tinymce4.7.5\\plugins\\emoticons"
name: "EPERMError"
pid: 2280
hostname: DESKTOP-O1VQ3R9

2021-07-21 20:04:28,234 ERROR 2280 nodejs.EPERMError: EPERM: operation not permitted, watch
    at FSEvent.FSWatcher._handle.onchange (internal/fs/watchers.js:123:28)
errno: -4048
syscall: "watch"
code: "EPERM"
filename: null
dir: "D:\\gitwork\\git\\IPC-management\\IPC-manage\\app\\public\\admin\\tinymce4.7.5\\plugins\\visualblocks\\css"
name: "EPERMError"
pid: 2280
hostname: DESKTOP-O1VQ3R9

2021-07-21 20:04:28,235 ERROR 2280 nodejs.EPERMError: EPERM: operation not permitted, watch
    at FSEvent.FSWatcher._handle.onchange (internal/fs/watchers.js:123:28)
errno: -4048
syscall: "watch"
code: "EPERM"
filename: null
dir: "D:\\gitwork\\git\\IPC-management\\IPC-manage\\app\\public\\admin\\tinymce4.7.5\\plugins\\visualblocks"
name: "EPERMError"
pid: 2280
hostname: DESKTOP-O1VQ3R9

2021-07-21 20:04:28,237 ERROR 2280 nodejs.EPERMError: EPERM: operation not permitted, watch
    at FSEvent.FSWatcher._handle.onchange (internal/fs/watchers.js:123:28)
errno: -4048
syscall: "watch"
code: "EPERM"
filename: null
dir: "D:\\gitwork\\git\\IPC-management\\IPC-manage\\app\\public\\admin\\tinymce4.7.5\\skins\\lightgray"
name: "EPERMError"
pid: 2280
hostname: DESKTOP-O1VQ3R9

2021-07-21 20:04:28,256 ERROR 2280 nodejs.EPERMError: EPERM: operation not permitted, watch
    at FSEvent.FSWatcher._handle.onchange (internal/fs/watchers.js:123:28)
errno: -4048
syscall: "watch"
code: "EPERM"
filename: null
dir: "D:\\gitwork\\git\\IPC-management\\IPC-manage\\app\\public\\admin\\tinymce4.7.5\\skins"
name: "EPERMError"
pid: 2280
hostname: DESKTOP-O1VQ3R9

2021-07-21 20:04:28,257 ERROR 2280 nodejs.EPERMError: EPERM: operation not permitted, watch
    at FSEvent.FSWatcher._handle.onchange (internal/fs/watchers.js:123:28)
errno: -4048
syscall: "watch"
code: "EPERM"
filename: null
dir: "D:\\gitwork\\git\\IPC-management\\IPC-manage\\app\\public\\admin\\tinymce4.7.5\\skins\\lightgray\\fonts"
name: "EPERMError"
pid: 2280
hostname: DESKTOP-O1VQ3R9

2021-07-21 20:04:28,260 ERROR 2280 nodejs.EPERMError: EPERM: operation not permitted, watch
    at FSEvent.FSWatcher._handle.onchange (internal/fs/watchers.js:123:28)
errno: -4048
syscall: "watch"
code: "EPERM"
filename: null
dir: "D:\\gitwork\\git\\IPC-management\\IPC-manage\\app\\public\\admin\\tinymce4.7.5\\skins\\lightgray\\img"
name: "EPERMError"
pid: 2280
hostname: DESKTOP-O1VQ3R9

2021-07-21 20:04:28,261 ERROR 2280 nodejs.EPERMError: EPERM: operation not permitted, watch
    at FSEvent.FSWatcher._handle.onchange (internal/fs/watchers.js:123:28)
errno: -4048
syscall: "watch"
code: "EPERM"
filename: null
dir: "D:\\gitwork\\git\\IPC-management\\IPC-manage\\app\\public\\admin"
name: "EPERMError"
pid: 2280
hostname: DESKTOP-O1VQ3R9

2021-07-21 20:04:28,298 ERROR 2280 nodejs.EPERMError: EPERM: operation not permitted, watch
    at FSEvent.FSWatcher._handle.onchange (internal/fs/watchers.js:123:28)
errno: -4048
syscall: "watch"
code: "EPERM"
filename: null
dir: "D:\\gitwork\\git\\IPC-management\\IPC-manage\\app\\public\\assets\\jd\\js\\bootstrap-3.3.7\\css"
name: "EPERMError"
pid: 2280
hostname: DESKTOP-O1VQ3R9

2021-07-21 20:04:28,300 ERROR 2280 nodejs.EPERMError: EPERM: operation not permitted, watch
    at FSEvent.FSWatcher._handle.onchange (internal/fs/watchers.js:123:28)
errno: -4048
syscall: "watch"
code: "EPERM"
filename: null
dir: "D:\\gitwork\\git\\IPC-management\\IPC-manage\\app\\public\\assets\\jd\\js\\bootstrap-3.3.7"
name: "EPERMError"
pid: 2280
hostname: DESKTOP-O1VQ3R9

2021-07-21 20:04:28,301 ERROR 2280 nodejs.EPERMError: EPERM: operation not permitted, watch
    at FSEvent.FSWatcher._handle.onchange (internal/fs/watchers.js:123:28)
errno: -4048
syscall: "watch"
code: "EPERM"
filename: null
dir: "D:\\gitwork\\git\\IPC-management\\IPC-manage\\app\\public\\assets\\jd\\js"
name: "EPERMError"
pid: 2280
hostname: DESKTOP-O1VQ3R9

2021-07-21 20:04:28,303 ERROR 2280 nodejs.EPERMError: EPERM: operation not permitted, watch
    at FSEvent.FSWatcher._handle.onchange (internal/fs/watchers.js:123:28)
errno: -4048
syscall: "watch"
code: "EPERM"
filename: null
dir: "D:\\gitwork\\git\\IPC-management\\IPC-manage\\app\\public\\assets\\jd\\js\\bootstrap-3.3.7\\fonts"
name: "EPERMError"
pid: 2280
hostname: DESKTOP-O1VQ3R9

2021-07-21 20:04:28,304 ERROR 2280 nodejs.EPERMError: EPERM: operation not permitted, watch
    at FSEvent.FSWatcher._handle.onchange (internal/fs/watchers.js:123:28)
errno: -4048
syscall: "watch"
code: "EPERM"
filename: null
dir: "D:\\gitwork\\git\\IPC-management\\IPC-manage\\app\\public"
name: "EPERMError"
pid: 2280
hostname: DESKTOP-O1VQ3R9

