2021-07-21 19:26:55,960 INFO 25120 [Timer] D:\gitwork\git\IPC-management\IPC-manage\node_modules\_egg-multipart@2.13.1@egg-multipart\app\schedule\clean_tmpdir.js next time will execute after 32584042ms at 2021-07-22 04:30:00.002
2021-07-21 19:26:55,960 INFO 25120 [Timer] D:\gitwork\git\IPC-management\IPC-manage\node_modules\_egg-logrotator@3.1.0@egg-logrotator\app\schedule\clean_log.js next time will execute after 16384040ms at 2021-07-22 00:00:00.000
2021-07-21 19:26:55,960 INFO 25120 [Timer] D:\gitwork\git\IPC-management\IPC-manage\node_modules\_egg-logrotator@3.1.0@egg-logrotator\app\schedule\rotate_by_file.js next time will execute after 16385040ms at 2021-07-22 00:00:01.000
2021-07-21 19:26:55,961 INFO 25120 [Timer] D:\gitwork\git\IPC-management\IPC-manage\app\schedule\report_day.js next time will execute after 16324040ms at 2021-07-21 23:59:00.001
2021-07-21 19:26:55,483 INFO 36084 [egg-schedule]: register schedule D:\gitwork\git\IPC-management\IPC-manage\node_modules\_egg-multipart@2.13.1@egg-multipart\app\schedule\clean_tmpdir.js
2021-07-21 19:26:55,483 INFO 36084 [egg-schedule]: register schedule D:\gitwork\git\IPC-management\IPC-manage\node_modules\_egg-logrotator@3.1.0@egg-logrotator\app\schedule\clean_log.js
2021-07-21 19:26:55,483 INFO 36084 [egg-schedule]: register schedule D:\gitwork\git\IPC-management\IPC-manage\node_modules\_egg-logrotator@3.1.0@egg-logrotator\app\schedule\rotate_by_file.js
2021-07-21 19:26:55,483 INFO 36084 [egg-schedule]: register schedule D:\gitwork\git\IPC-management\IPC-manage\app\schedule\report_day.js
2021-07-21 19:33:29,538 INFO 32876 [Timer] D:\gitwork\git\IPC-management\IPC-manage\node_modules\_egg-multipart@2.13.1@egg-multipart\app\schedule\clean_tmpdir.js next time will execute after 32190464ms at 2021-07-22 04:30:00.002
2021-07-21 19:33:29,538 INFO 32876 [Timer] D:\gitwork\git\IPC-management\IPC-manage\node_modules\_egg-logrotator@3.1.0@egg-logrotator\app\schedule\clean_log.js next time will execute after 15990462ms at 2021-07-22 00:00:00.000
2021-07-21 19:33:29,539 INFO 32876 [Timer] D:\gitwork\git\IPC-management\IPC-manage\node_modules\_egg-logrotator@3.1.0@egg-logrotator\app\schedule\rotate_by_file.js next time will execute after 15991462ms at 2021-07-22 00:00:01.001
2021-07-21 19:33:29,539 INFO 32876 [Timer] D:\gitwork\git\IPC-management\IPC-manage\app\schedule\report_day.js next time will execute after 15930461ms at 2021-07-21 23:59:00.000
2021-07-21 19:33:29,054 INFO 23760 [egg-schedule]: register schedule D:\gitwork\git\IPC-management\IPC-manage\node_modules\_egg-multipart@2.13.1@egg-multipart\app\schedule\clean_tmpdir.js
2021-07-21 19:33:29,054 INFO 23760 [egg-schedule]: register schedule D:\gitwork\git\IPC-management\IPC-manage\node_modules\_egg-logrotator@3.1.0@egg-logrotator\app\schedule\clean_log.js
2021-07-21 19:33:29,054 INFO 23760 [egg-schedule]: register schedule D:\gitwork\git\IPC-management\IPC-manage\node_modules\_egg-logrotator@3.1.0@egg-logrotator\app\schedule\rotate_by_file.js
2021-07-21 19:33:29,054 INFO 23760 [egg-schedule]: register schedule D:\gitwork\git\IPC-management\IPC-manage\app\schedule\report_day.js
2021-07-21 19:37:23,162 INFO 4260 [egg-schedule]: register schedule D:\gitwork\git\IPC-management\IPC-manage\node_modules\_egg-multipart@2.13.1@egg-multipart\app\schedule\clean_tmpdir.js
2021-07-21 19:37:23,162 INFO 4260 [egg-schedule]: register schedule D:\gitwork\git\IPC-management\IPC-manage\node_modules\_egg-logrotator@3.1.0@egg-logrotator\app\schedule\clean_log.js
2021-07-21 19:37:23,162 INFO 4260 [egg-schedule]: register schedule D:\gitwork\git\IPC-management\IPC-manage\node_modules\_egg-logrotator@3.1.0@egg-logrotator\app\schedule\rotate_by_file.js
2021-07-21 19:37:23,162 INFO 4260 [egg-schedule]: register schedule D:\gitwork\git\IPC-management\IPC-manage\app\schedule\report_day.js
2021-07-21 19:37:48,146 INFO 26416 [egg-schedule]: register schedule D:\gitwork\git\IPC-management\IPC-manage\node_modules\_egg-multipart@2.13.1@egg-multipart\app\schedule\clean_tmpdir.js
2021-07-21 19:37:48,146 INFO 26416 [egg-schedule]: register schedule D:\gitwork\git\IPC-management\IPC-manage\node_modules\_egg-logrotator@3.1.0@egg-logrotator\app\schedule\clean_log.js
2021-07-21 19:37:48,146 INFO 26416 [egg-schedule]: register schedule D:\gitwork\git\IPC-management\IPC-manage\node_modules\_egg-logrotator@3.1.0@egg-logrotator\app\schedule\rotate_by_file.js
2021-07-21 19:37:48,146 INFO 26416 [egg-schedule]: register schedule D:\gitwork\git\IPC-management\IPC-manage\app\schedule\report_day.js
2021-07-21 19:42:12,363 INFO 2280 [Timer] D:\gitwork\git\IPC-management\IPC-manage\node_modules\_egg-multipart@2.13.1@egg-multipart\app\schedule\clean_tmpdir.js next time will execute after 31667639ms at 2021-07-22 04:30:00.002
2021-07-21 19:42:12,364 INFO 2280 [Timer] D:\gitwork\git\IPC-management\IPC-manage\node_modules\_egg-logrotator@3.1.0@egg-logrotator\app\schedule\clean_log.js next time will execute after 15467637ms at 2021-07-22 00:00:00.001
2021-07-21 19:42:12,364 INFO 2280 [Timer] D:\gitwork\git\IPC-management\IPC-manage\node_modules\_egg-logrotator@3.1.0@egg-logrotator\app\schedule\rotate_by_file.js next time will execute after 15468636ms at 2021-07-22 00:00:01.000
2021-07-21 19:42:12,365 INFO 2280 [Timer] D:\gitwork\git\IPC-management\IPC-manage\app\schedule\report_day.js next time will execute after 15407636ms at 2021-07-21 23:59:00.001
2021-07-21 19:42:11,930 INFO 15880 [egg-schedule]: register schedule D:\gitwork\git\IPC-management\IPC-manage\node_modules\_egg-multipart@2.13.1@egg-multipart\app\schedule\clean_tmpdir.js
2021-07-21 19:42:11,930 INFO 15880 [egg-schedule]: register schedule D:\gitwork\git\IPC-management\IPC-manage\node_modules\_egg-logrotator@3.1.0@egg-logrotator\app\schedule\clean_log.js
2021-07-21 19:42:11,930 INFO 15880 [egg-schedule]: register schedule D:\gitwork\git\IPC-management\IPC-manage\node_modules\_egg-logrotator@3.1.0@egg-logrotator\app\schedule\rotate_by_file.js
2021-07-21 19:42:11,930 INFO 15880 [egg-schedule]: register schedule D:\gitwork\git\IPC-management\IPC-manage\app\schedule\report_day.js
